INFO:root:BREW /pot-3/black HTCPCP-TEA/1.0
INFO:root:BREW /pot-3/black HTCPCP-TEA/1.0
INFO:root:BREW /pot-3/black HTCPCP-TEA/1.0
INFO:root:BREW /pot-3/black HTCPCP-TEA/1.0
INFO:root:GET /pot-3/black HTCPCP-TEA/1.0
INFO:root:BREW /pot-3/black HTCPCP-TEA/1.0
INFO:root:GET /pot-3/black HTCPCP-TEA/1.0
INFO:root:BREW /pot-3/black HTCPCP-TEA/1.0
INFO:root:GET /pot-3/black HTCPCP-TEA/1.0
INFO:root:BREW /pot-3/black HTCPCP-TEA/1.0
INFO:root:GET /pot-3/black HTCPCP-TEA/1.0
INFO:root:BREW /pot-3/black HTCPCP-TEA/1.0
INFO:root:GET /pot-3/black HTCPCP-TEA/1.0
INFO:root:BREW /pot-2/black HTCPCP-TEA/1.0
INFO:root:BREW /pot-1 HTCPCP-TEA/1.0
INFO:root:BREW /pot-1 HTCPCP-TEA/1.0
INFO:root:BREW /pot-1 HTCPCP-TEA/1.0
INFO:root:BREW /pot-1 HTCPCP-TEA/1.0
INFO:root:BREW /pot-1 HTCPCP-TEA/1.0
INFO:root:BREW /pot-3/black HTCPCP-TEA/1.0
INFO:root:GET /pot-1?Cream&Skim&Almond&Sugar HTCPCP-TEA/1.0
INFO:root:BREW /pot-1 HTCPCP-TEA/1.0
INFO:root:BREW /pot-3/black HTCPCP-TEA/1.0
INFO:root:GET /pot-1?Cream&Skim&Almond&Sugar HTCPCP-TEA/1.0
INFO:root:GET /pot-3/black?Cream&Skim&Almond&Sugar HTCPCP-TEA/1.0
